Process
=======
compile

Command Line
============
/Volumes/Elements/Library/graalvm-jdk-21.0.1+12.1/Contents/Home/bin/native-image -Djdk.internal.lambda.eagerlyInitialize=false --no-server -H:+SharedLibrary -H:+AddAllCharsets -H:+ReportExceptionStackTraces -H:-DeadlockWatchdogExitOnTimeout -H:DeadlockWatchdogInterval=0 -H:+RemoveSaturatedTypeFlows -H:+ExitAfterRelocatableImageWrite -H:TempDirectory=/Volumes/Elements/Proyectos/Github/iSM23_PRE_MVN/target/gluonfx/aarch64-darwin/gvm/tmp -H:EnableURLProtocols=http,https -H:ReflectionConfigurationFiles=/Volumes/Elements/Proyectos/Github/iSM23_PRE_MVN/target/gluonfx/aarch64-darwin/gvm/reflectionconfig-aarch64-darwin.json -H:JNIConfigurationFiles=/Volumes/Elements/Proyectos/Github/iSM23_PRE_MVN/target/gluonfx/aarch64-darwin/gvm/jniconfig-aarch64-darwin.json -H:ResourceConfigurationFiles=/Volumes/Elements/Proyectos/Github/iSM23_PRE_MVN/target/gluonfx/aarch64-darwin/gvm/resourceconfig-aarch64-darwin.json -H:IncludeResourceBundles=com/sun/javafx/scene/control/skin/resources/controls,com/sun/javafx/scene/control/skin/resources/controls-nt,com.sun.javafx.tk.quantum.QuantumMessagesBundle -Dsvm.platform=org.graalvm.nativeimage.Platform$MACOS_AARCH64 -cp /Users/alex/.m2/repository/com/gluonhq/substrate/0.0.61/substrate-0.0.61.jar:/Volumes/Elements/Proyectos/Github/iSM23_PRE_MVN/target/gluonfx/aarch64-darwin/gvm/tmp/classpathJar.jar com.aquirozc.shortcutsmanager.init.ShortcutsManager

Output
======
Warning: Ignoring server-mode native-image argument --no-server.
Warning: The option '-H:ReflectionConfigurationFiles=/Volumes/Elements/Proyectos/Github/iSM23_PRE_MVN/target/gluonfx/aarch64-darwin/gvm/reflectionconfig-aarch64-darwin.json' is experimental and must be enabled via '-H:+UnlockExperimentalVMOptions' in the future.
Warning: The option '-H:IncludeResourceBundles=com/sun/javafx/scene/control/skin/resources/controls,com/sun/javafx/scene/control/skin/resources/controls-nt,com.sun.javafx.tk.quantum.QuantumMessagesBundle' is experimental and must be enabled via '-H:+UnlockExperimentalVMOptions' in the future.
Warning: The option '-H:TempDirectory=/Volumes/Elements/Proyectos/Github/iSM23_PRE_MVN/target/gluonfx/aarch64-darwin/gvm/tmp' is experimental and must be enabled via '-H:+UnlockExperimentalVMOptions' in the future.
Warning: The option '-H:ResourceConfigurationFiles=/Volumes/Elements/Proyectos/Github/iSM23_PRE_MVN/target/gluonfx/aarch64-darwin/gvm/resourceconfig-aarch64-darwin.json' is experimental and must be enabled via '-H:+UnlockExperimentalVMOptions' in the future.
Warning: The option '-H:-DeadlockWatchdogExitOnTimeout' is experimental and must be enabled via '-H:+UnlockExperimentalVMOptions' in the future.
Warning: The option '-H:+ExitAfterRelocatableImageWrite' is experimental and must be enabled via '-H:+UnlockExperimentalVMOptions' in the future.
Warning: The option '-H:JNIConfigurationFiles=/Volumes/Elements/Proyectos/Github/iSM23_PRE_MVN/target/gluonfx/aarch64-darwin/gvm/jniconfig-aarch64-darwin.json' is experimental and must be enabled via '-H:+UnlockExperimentalVMOptions' in the future.
Warning: The option '-H:EnableURLProtocols=http,https' is experimental and must be enabled via '-H:+UnlockExperimentalVMOptions' in the future.
Warning: The option '-H:+SharedLibrary' is experimental and must be enabled via '-H:+UnlockExperimentalVMOptions' in the future.
Warning: The option '-H:DeadlockWatchdogInterval=0' is experimental and must be enabled via '-H:+UnlockExperimentalVMOptions' in the future.
Warning: The option '-H:+RemoveSaturatedTypeFlows' is experimental and must be enabled via '-H:+UnlockExperimentalVMOptions' in the future.
Warning: Please re-evaluate whether any experimental option is required, and either remove or unlock it. The build output lists all active experimental options, including where they come from and possible alternatives. If you think an experimental option should be considered as stable, please file an issue.
========================================================================================================================
GraalVM Native Image: Generating 'com.aquirozc.shortcutsmanager.init.shortcutsmanager' (shared library)...
========================================================================================================================
For detailed information and explanations on the build output, visit:
https://github.com/oracle/graal/blob/master/docs/reference-manual/native-image/BuildOutput.md
------------------------------------------------------------------------------------------------------------------------
[1/8] Initializing...                                                                                   (14.9s @ 0.10GB)
 Java version: 21.0.1+12, vendor version: Oracle GraalVM 21.0.1+12.1
 Graal compiler: optimization level: 2, target machine: armv8-a, PGO: off
 C compiler: cc (apple, arm64, 15.0.0)
 Garbage collector: Serial GC (max heap size: 80% of RAM)
 1 user-specific feature(s):
 - com.oracle.svm.thirdparty.gson.GsonFeature
------------------------------------------------------------------------------------------------------------------------
 10 experimental option(s) unlocked:
 - '-H:DeadlockWatchdogInterval' (origin(s): command line)
 - '-H:EnableURLProtocols' (alternative API option(s): --enable-http, --enable-https; origin(s): command line, command line)
 - '-H:-DeadlockWatchdogExitOnTimeout' (origin(s): command line)
 - '-H:+ExitAfterRelocatableImageWrite' (origin(s): command line)
 - '-H:ReflectionConfigurationFiles' (origin(s): command line)
 - '-H:ResourceConfigurationFiles' (origin(s): command line)
 - '-H:JNIConfigurationFiles' (origin(s): command line)
 - '-H:IncludeResourceBundles' (origin(s): command line, command line, command line)
 - '-H:+SharedLibrary' (alternative API option(s): --shared; origin(s): command line)
 - '-H:TempDirectory' (origin(s): command line)
------------------------------------------------------------------------------------------------------------------------
Build resources:
 - 6.05GB of memory (75.6% of 8.00GB system memory, determined at start)
 - 8 thread(s) (100.0% of 8 available processor(s), determined at start)
[2/8] Performing analysis...  [*****]                                                                   (39.6s @ 1.30GB)
   12,063 reachable types   (88.7% of   13,606 total)
   20,025 reachable fields  (63.9% of   31,332 total)
   63,281 reachable methods (63.4% of   99,778 total)
    3,441 types,   212 fields, and 2,776 methods registered for reflection
      114 types,    95 fields, and   195 methods registered for JNI access
        5 native libraries: -framework CoreServices, -framework Foundation, dl, pthread, z
[3/8] Building universe...                                                                               (5.4s @ 1.23GB)
[4/8] Parsing methods...      [***]                                                                      (5.2s @ 1.53GB)
[5/8] Inlining methods...     [****]                                                                     (2.3s @ 1.87GB)
[6/8] Compiling methods...    [********]                                                                (71.5s @ 2.01GB)
[7/8] Layouting methods...    [***]                                                                      (5.1s @ 2.78GB)

------------------------------------------------------------------------------------------------------------------------
                       15.0s (9.2% of total time) in 210 GCs | Peak RSS: 3.48GB | CPU load: 5.85
------------------------------------------------------------------------------------------------------------------------
Produced artifacts:
 /Volumes/Elements/Proyectos/Github/iSM23_PRE_MVN/target/gluonfx/aarch64-darwin/gvm/ShortcutsManager/com.aquirozc.shortcutsmanager.init.shortcutsmanager.h (c_header)
 /Volumes/Elements/Proyectos/Github/iSM23_PRE_MVN/target/gluonfx/aarch64-darwin/gvm/ShortcutsManager/com.aquirozc.shortcutsmanager.init.shortcutsmanager_dynamic.h (c_header)
 /Volumes/Elements/Proyectos/Github/iSM23_PRE_MVN/target/gluonfx/aarch64-darwin/gvm/ShortcutsManager/graal_isolate.h (c_header)
 /Volumes/Elements/Proyectos/Github/iSM23_PRE_MVN/target/gluonfx/aarch64-darwin/gvm/ShortcutsManager/graal_isolate_dynamic.h (c_header)
========================================================================================================================
Finished generating 'com.aquirozc.shortcutsmanager.init.shortcutsmanager' in 2m 36s.


Result
======
result: 0